[00:12:18] [Server thread/INFO]: Starting minecraft server version 1.8.8
[00:12:18] [Server thread/INFO]: Loading properties
[00:12:18] [Server thread/INFO]: Default game type: SURVIVAL
[00:12:18] [Server thread/INFO]: This server is running CraftBukkit version git-Spigot-fdc1440-53fac9f (MC: 1.8.8) (Implementing API version 1.8.8-R0.1-SNAPSHOT)
[00:12:18] [Server thread/INFO]: Debug logging is disabled
[00:12:18] [Server thread/INFO]: Using 4 threads for Netty based IO
[00:12:18] [Server thread/INFO]: Server Ping Player Sample Count: 12
[00:12:18] [Server thread/INFO]: Generating keypair
[00:12:19] [Server thread/INFO]: Starting Minecraft server on *:25565
[00:12:19] [Server thread/INFO]: Using default channel type
[00:12:19] [Server thread/INFO]: Set PluginClassLoader as parallel capable
[00:12:19] [Server thread/INFO]: [Maxcraft] Loading Maxcraft v1.0.0
[00:12:19] [Server thread/INFO]: **** Beginning UUID conversion, this may take A LONG time ****
[00:12:19] [Server thread/INFO]: Preparing level "world"
[00:12:19] [Server thread/INFO]: -------- World Settings For [world] --------
[00:12:19] [Server thread/INFO]: Nerfing mobs spawned from spawners: false
[00:12:19] [Server thread/INFO]: Sending up to 10 chunks per packet
[00:12:19] [Server thread/INFO]: Entity Activation Range: An 32 / Mo 32 / Mi 16
[00:12:19] [Server thread/INFO]: Cactus Growth Modifier: 100%
[00:12:19] [Server thread/INFO]: Cane Growth Modifier: 100%
[00:12:19] [Server thread/INFO]: Melon Growth Modifier: 100%
[00:12:19] [Server thread/INFO]: Mushroom Growth Modifier: 100%
[00:12:19] [Server thread/INFO]: Pumpkin Growth Modifier: 100%
[00:12:19] [Server thread/INFO]: Sapling Growth Modifier: 100%
[00:12:19] [Server thread/INFO]: Wheat Growth Modifier: 100%
[00:12:19] [Server thread/INFO]: NetherWart Growth Modifier: 100%
[00:12:19] [Server thread/INFO]: Custom Map Seeds:  Village: 10387312 Feature: 14357617
[00:12:19] [Server thread/INFO]: Max Entity Collisions: 8
[00:12:19] [Server thread/INFO]: View Distance: 10
[00:12:19] [Server thread/INFO]: Item Despawn Rate: 6000
[00:12:19] [Server thread/INFO]: Item Merge Radius: 2.5
[00:12:19] [Server thread/INFO]: Arrow Despawn Rate: 1200
[00:12:19] [Server thread/INFO]: Allow Zombie Pigmen to spawn from portal blocks: true
[00:12:19] [Server thread/INFO]: Entity Tracking Range: Pl 48 / An 48 / Mo 48 / Mi 32 / Other 64
[00:12:19] [Server thread/INFO]: Hopper Transfer: 8 Hopper Check: 8 Hopper Amount: 1
[00:12:19] [Server thread/INFO]: Random Lighting Updates: false
[00:12:19] [Server thread/INFO]: Tile Max Tick Time: 50ms Entity max Tick Time: 50ms
[00:12:19] [Server thread/INFO]: Anti X-Ray: true
[00:12:19] [Server thread/INFO]: 	Engine Mode: 1
[00:12:19] [Server thread/INFO]: 	Hidden Blocks: [14, 15, 16, 21, 48, 49, 54, 56, 73, 74, 82, 129, 130]
[00:12:19] [Server thread/INFO]: 	Replace Blocks: [1, 5]
[00:12:19] [Server thread/INFO]: Max TNT Explosions: 100
[00:12:19] [Server thread/INFO]: Structure Info Saving: true
[00:12:19] [Server thread/INFO]: Mob Spawn Range: 4
[00:12:19] [Server thread/INFO]: Zombie Aggressive Towards Villager: true
[00:12:19] [Server thread/INFO]: Chunks to Grow per Tick: 650
[00:12:19] [Server thread/INFO]: Clear tick list: false
[00:12:19] [Server thread/INFO]: Experience Merge Radius: 3.0
[00:12:19] [Server thread/INFO]: -------- World Settings For [world_nether] --------
[00:12:19] [Server thread/INFO]: Nerfing mobs spawned from spawners: false
[00:12:19] [Server thread/INFO]: Sending up to 10 chunks per packet
[00:12:19] [Server thread/INFO]: Entity Activation Range: An 32 / Mo 32 / Mi 16
[00:12:19] [Server thread/INFO]: Cactus Growth Modifier: 100%
[00:12:19] [Server thread/INFO]: Cane Growth Modifier: 100%
[00:12:19] [Server thread/INFO]: Melon Growth Modifier: 100%
[00:12:19] [Server thread/INFO]: Mushroom Growth Modifier: 100%
[00:12:19] [Server thread/INFO]: Pumpkin Growth Modifier: 100%
[00:12:19] [Server thread/INFO]: Sapling Growth Modifier: 100%
[00:12:19] [Server thread/INFO]: Wheat Growth Modifier: 100%
[00:12:19] [Server thread/INFO]: NetherWart Growth Modifier: 100%
[00:12:19] [Server thread/INFO]: Custom Map Seeds:  Village: 10387312 Feature: 14357617
[00:12:19] [Server thread/INFO]: Max Entity Collisions: 8
[00:12:19] [Server thread/INFO]: View Distance: 10
[00:12:19] [Server thread/INFO]: Item Despawn Rate: 6000
[00:12:19] [Server thread/INFO]: Item Merge Radius: 2.5
[00:12:19] [Server thread/INFO]: Arrow Despawn Rate: 1200
[00:12:19] [Server thread/INFO]: Allow Zombie Pigmen to spawn from portal blocks: true
[00:12:19] [Server thread/INFO]: Entity Tracking Range: Pl 48 / An 48 / Mo 48 / Mi 32 / Other 64
[00:12:19] [Server thread/INFO]: Hopper Transfer: 8 Hopper Check: 8 Hopper Amount: 1
[00:12:19] [Server thread/INFO]: Random Lighting Updates: false
[00:12:19] [Server thread/INFO]: Tile Max Tick Time: 50ms Entity max Tick Time: 50ms
[00:12:19] [Server thread/INFO]: Anti X-Ray: true
[00:12:19] [Server thread/INFO]: 	Engine Mode: 1
[00:12:19] [Server thread/INFO]: 	Hidden Blocks: [14, 15, 16, 21, 48, 49, 54, 56, 73, 74, 82, 129, 130]
[00:12:19] [Server thread/INFO]: 	Replace Blocks: [1, 5]
[00:12:19] [Server thread/INFO]: Max TNT Explosions: 100
[00:12:19] [Server thread/INFO]: Structure Info Saving: true
[00:12:19] [Server thread/INFO]: Mob Spawn Range: 4
[00:12:19] [Server thread/INFO]: Zombie Aggressive Towards Villager: true
[00:12:19] [Server thread/INFO]: Chunks to Grow per Tick: 650
[00:12:19] [Server thread/INFO]: Clear tick list: false
[00:12:19] [Server thread/INFO]: Experience Merge Radius: 3.0
[00:12:19] [Server thread/INFO]: -------- World Settings For [world_the_end] --------
[00:12:19] [Server thread/INFO]: Nerfing mobs spawned from spawners: false
[00:12:19] [Server thread/INFO]: Sending up to 10 chunks per packet
[00:12:19] [Server thread/INFO]: Entity Activation Range: An 32 / Mo 32 / Mi 16
[00:12:19] [Server thread/INFO]: Cactus Growth Modifier: 100%
[00:12:19] [Server thread/INFO]: Cane Growth Modifier: 100%
[00:12:19] [Server thread/INFO]: Melon Growth Modifier: 100%
[00:12:19] [Server thread/INFO]: Mushroom Growth Modifier: 100%
[00:12:19] [Server thread/INFO]: Pumpkin Growth Modifier: 100%
[00:12:19] [Server thread/INFO]: Sapling Growth Modifier: 100%
[00:12:19] [Server thread/INFO]: Wheat Growth Modifier: 100%
[00:12:19] [Server thread/INFO]: NetherWart Growth Modifier: 100%
[00:12:19] [Server thread/INFO]: Custom Map Seeds:  Village: 10387312 Feature: 14357617
[00:12:19] [Server thread/INFO]: Max Entity Collisions: 8
[00:12:19] [Server thread/INFO]: View Distance: 10
[00:12:19] [Server thread/INFO]: Item Despawn Rate: 6000
[00:12:19] [Server thread/INFO]: Item Merge Radius: 2.5
[00:12:19] [Server thread/INFO]: Arrow Despawn Rate: 1200
[00:12:19] [Server thread/INFO]: Allow Zombie Pigmen to spawn from portal blocks: true
[00:12:19] [Server thread/INFO]: Entity Tracking Range: Pl 48 / An 48 / Mo 48 / Mi 32 / Other 64
[00:12:19] [Server thread/INFO]: Hopper Transfer: 8 Hopper Check: 8 Hopper Amount: 1
[00:12:19] [Server thread/INFO]: Random Lighting Updates: false
[00:12:19] [Server thread/INFO]: Tile Max Tick Time: 50ms Entity max Tick Time: 50ms
[00:12:19] [Server thread/INFO]: Anti X-Ray: true
[00:12:19] [Server thread/INFO]: 	Engine Mode: 1
[00:12:19] [Server thread/INFO]: 	Hidden Blocks: [14, 15, 16, 21, 48, 49, 54, 56, 73, 74, 82, 129, 130]
[00:12:19] [Server thread/INFO]: 	Replace Blocks: [1, 5]
[00:12:19] [Server thread/INFO]: Max TNT Explosions: 100
[00:12:19] [Server thread/INFO]: Structure Info Saving: true
[00:12:19] [Server thread/INFO]: Mob Spawn Range: 4
[00:12:19] [Server thread/INFO]: Zombie Aggressive Towards Villager: true
[00:12:19] [Server thread/INFO]: Chunks to Grow per Tick: 650
[00:12:19] [Server thread/INFO]: Clear tick list: false
[00:12:19] [Server thread/INFO]: Experience Merge Radius: 3.0
[00:12:19] [Server thread/INFO]: Preparing start region for level 0 (Seed: -5262263823197412313)
[00:12:20] [Server thread/INFO]: Preparing spawn area: 53%
[00:12:21] [Server thread/INFO]: Preparing start region for level 1 (Seed: -5262263823197412313)
[00:12:22] [Server thread/INFO]: Preparing start region for level 2 (Seed: -5262263823197412313)
[00:12:22] [Server thread/INFO]: [Maxcraft] Enabling Maxcraft v1.0.0
[00:12:22] [Server thread/INFO]: [Maxcraft]Connexion sql etablie !
[00:12:22] [Server thread/INFO]: [Maxcraft]Joueurs charg?s (1 joueurs).
[00:12:22] [Server thread/INFO]: [Maxcraft]Faction chargees. (1 factions)
[00:12:22] [Server thread/INFO]: [Maxcraft]Zones chargees. (3 zones.)
[00:12:22] [Server thread/INFO]: [Maxcraft]chargement
[00:12:22] [Server thread/INFO]: -------- World Settings For [flat] --------
[00:12:22] [Server thread/INFO]: Nerfing mobs spawned from spawners: false
[00:12:22] [Server thread/INFO]: Sending up to 10 chunks per packet
[00:12:22] [Server thread/INFO]: Entity Activation Range: An 32 / Mo 32 / Mi 16
[00:12:22] [Server thread/INFO]: Cactus Growth Modifier: 100%
[00:12:22] [Server thread/INFO]: Cane Growth Modifier: 100%
[00:12:22] [Server thread/INFO]: Melon Growth Modifier: 100%
[00:12:22] [Server thread/INFO]: Mushroom Growth Modifier: 100%
[00:12:22] [Server thread/INFO]: Pumpkin Growth Modifier: 100%
[00:12:22] [Server thread/INFO]: Sapling Growth Modifier: 100%
[00:12:22] [Server thread/INFO]: Wheat Growth Modifier: 100%
[00:12:22] [Server thread/INFO]: NetherWart Growth Modifier: 100%
[00:12:22] [Server thread/INFO]: Custom Map Seeds:  Village: 10387312 Feature: 14357617
[00:12:22] [Server thread/INFO]: Max Entity Collisions: 8
[00:12:22] [Server thread/INFO]: View Distance: 10
[00:12:22] [Server thread/INFO]: Item Despawn Rate: 6000
[00:12:22] [Server thread/INFO]: Item Merge Radius: 2.5
[00:12:22] [Server thread/INFO]: Arrow Despawn Rate: 1200
[00:12:22] [Server thread/INFO]: Allow Zombie Pigmen to spawn from portal blocks: true
[00:12:22] [Server thread/INFO]: Entity Tracking Range: Pl 48 / An 48 / Mo 48 / Mi 32 / Other 64
[00:12:22] [Server thread/INFO]: Hopper Transfer: 8 Hopper Check: 8 Hopper Amount: 1
[00:12:22] [Server thread/INFO]: Random Lighting Updates: false
[00:12:22] [Server thread/INFO]: Tile Max Tick Time: 50ms Entity max Tick Time: 50ms
[00:12:22] [Server thread/INFO]: Anti X-Ray: true
[00:12:22] [Server thread/INFO]: 	Engine Mode: 1
[00:12:22] [Server thread/INFO]: 	Hidden Blocks: [14, 15, 16, 21, 48, 49, 54, 56, 73, 74, 82, 129, 130]
[00:12:22] [Server thread/INFO]: 	Replace Blocks: [1, 5]
[00:12:22] [Server thread/INFO]: Max TNT Explosions: 100
[00:12:22] [Server thread/INFO]: Structure Info Saving: true
[00:12:22] [Server thread/INFO]: Mob Spawn Range: 4
[00:12:22] [Server thread/INFO]: Zombie Aggressive Towards Villager: true
[00:12:22] [Server thread/INFO]: Chunks to Grow per Tick: 650
[00:12:22] [Server thread/INFO]: Clear tick list: false
[00:12:22] [Server thread/INFO]: Experience Merge Radius: 3.0
[00:12:22] [Server thread/INFO]: Preparing start region for level 3 (Seed: -312060338990846018)
[00:12:23] [Server thread/INFO]: -------- World Settings For [maxcraft] --------
[00:12:23] [Server thread/INFO]: Nerfing mobs spawned from spawners: false
[00:12:23] [Server thread/INFO]: Sending up to 10 chunks per packet
[00:12:23] [Server thread/INFO]: Entity Activation Range: An 32 / Mo 32 / Mi 16
[00:12:23] [Server thread/INFO]: Cactus Growth Modifier: 100%
[00:12:23] [Server thread/INFO]: Cane Growth Modifier: 100%
[00:12:23] [Server thread/INFO]: Melon Growth Modifier: 100%
[00:12:23] [Server thread/INFO]: Mushroom Growth Modifier: 100%
[00:12:23] [Server thread/INFO]: Pumpkin Growth Modifier: 100%
[00:12:23] [Server thread/INFO]: Sapling Growth Modifier: 100%
[00:12:23] [Server thread/INFO]: Wheat Growth Modifier: 100%
[00:12:23] [Server thread/INFO]: NetherWart Growth Modifier: 100%
[00:12:23] [Server thread/INFO]: Custom Map Seeds:  Village: 10387312 Feature: 14357617
[00:12:23] [Server thread/INFO]: Max Entity Collisions: 8
[00:12:23] [Server thread/INFO]: View Distance: 10
[00:12:23] [Server thread/INFO]: Item Despawn Rate: 6000
[00:12:23] [Server thread/INFO]: Item Merge Radius: 2.5
[00:12:23] [Server thread/INFO]: Arrow Despawn Rate: 1200
[00:12:23] [Server thread/INFO]: Allow Zombie Pigmen to spawn from portal blocks: true
[00:12:23] [Server thread/INFO]: Entity Tracking Range: Pl 48 / An 48 / Mo 48 / Mi 32 / Other 64
[00:12:23] [Server thread/INFO]: Hopper Transfer: 8 Hopper Check: 8 Hopper Amount: 1
[00:12:23] [Server thread/INFO]: Random Lighting Updates: false
[00:12:23] [Server thread/INFO]: Tile Max Tick Time: 50ms Entity max Tick Time: 50ms
[00:12:23] [Server thread/INFO]: Anti X-Ray: true
[00:12:23] [Server thread/INFO]: 	Engine Mode: 1
[00:12:23] [Server thread/INFO]: 	Hidden Blocks: [14, 15, 16, 21, 48, 49, 54, 56, 73, 74, 82, 129, 130]
[00:12:23] [Server thread/INFO]: 	Replace Blocks: [1, 5]
[00:12:23] [Server thread/INFO]: Max TNT Explosions: 100
[00:12:23] [Server thread/INFO]: Structure Info Saving: true
[00:12:23] [Server thread/INFO]: Mob Spawn Range: 4
[00:12:23] [Server thread/INFO]: Zombie Aggressive Towards Villager: true
[00:12:23] [Server thread/INFO]: Chunks to Grow per Tick: 650
[00:12:23] [Server thread/INFO]: Clear tick list: false
[00:12:23] [Server thread/INFO]: Experience Merge Radius: 3.0
[00:12:23] [Server thread/INFO]: Preparing start region for level 4 (Seed: 5539435490778081031)
[00:12:24] [Server thread/INFO]: Preparing spawn area for maxcraft, 93%
[00:12:24] [Server thread/INFO]: [Maxcraft]Command zone registered
[00:12:24] [Server thread/INFO]: [Maxcraft]Command perms registered
[00:12:24] [Server thread/INFO]: ===================
[00:12:24] [Server thread/INFO]: = Maxcraft chargé =
[00:12:24] [Server thread/INFO]: ===================
[00:12:24] [Server thread/INFO]: Server permissions file permissions.yml is empty, ignoring it
[00:12:24] [Server thread/INFO]: Done (4,773s)! For help, type "help" or "?"
[00:18:21] [User Authenticator #1/INFO]: UUID of player Crevebedaine is f913aeac-1418-48bc-b46a-8694bd2526bc
[00:18:22] [Server thread/INFO]: Crevebedaine[/127.0.0.1:58009] logged in with entity id 354 at ([maxcraft]-6.376502435770858, 4.0, 12.69999998807904)
[00:18:25] [Server thread/INFO]: Crevebedaine issued server command: /zone
[00:18:27] [Server thread/INFO]: Crevebedaine issued server command: /z
[00:18:31] [Server thread/INFO]: Crevebedaine issued server command: /z tp 2
[00:35:29] [Server thread/INFO]: Crevebedaine issued server command: /reload
[00:35:29] [Server thread/INFO]: Crevebedaine: Please note that this command is not supported and may cause issues when using some plugins.
[00:35:29] [Server thread/INFO]: Crevebedaine: If you encounter any issues please use the /stop command to restart your server.
[00:35:29] [Server thread/INFO]: Debug logging is disabled
[00:35:29] [Server thread/INFO]: Using 4 threads for Netty based IO
[00:35:29] [Server thread/INFO]: Server Ping Player Sample Count: 12
[00:35:29] [Server thread/INFO]: -------- World Settings For [world] --------
[00:35:29] [Server thread/INFO]: Nerfing mobs spawned from spawners: false
[00:35:29] [Server thread/INFO]: Sending up to 10 chunks per packet
[00:35:29] [Server thread/INFO]: Entity Activation Range: An 32 / Mo 32 / Mi 16
[00:35:29] [Server thread/INFO]: Cactus Growth Modifier: 100%
[00:35:29] [Server thread/INFO]: Cane Growth Modifier: 100%
[00:35:29] [Server thread/INFO]: Melon Growth Modifier: 100%
[00:35:29] [Server thread/INFO]: Mushroom Growth Modifier: 100%
[00:35:29] [Server thread/INFO]: Pumpkin Growth Modifier: 100%
[00:35:29] [Server thread/INFO]: Sapling Growth Modifier: 100%
[00:35:29] [Server thread/INFO]: Wheat Growth Modifier: 100%
[00:35:29] [Server thread/INFO]: NetherWart Growth Modifier: 100%
[00:35:29] [Server thread/INFO]: Custom Map Seeds:  Village: 10387312 Feature: 14357617
[00:35:29] [Server thread/INFO]: Max Entity Collisions: 8
[00:35:29] [Server thread/INFO]: View Distance: 10
[00:35:29] [Server thread/INFO]: Item Despawn Rate: 6000
[00:35:29] [Server thread/INFO]: Item Merge Radius: 2.5
[00:35:29] [Server thread/INFO]: Arrow Despawn Rate: 1200
[00:35:29] [Server thread/INFO]: Allow Zombie Pigmen to spawn from portal blocks: true
[00:35:29] [Server thread/INFO]: Entity Tracking Range: Pl 48 / An 48 / Mo 48 / Mi 32 / Other 64
[00:35:29] [Server thread/INFO]: Hopper Transfer: 8 Hopper Check: 8 Hopper Amount: 1
[00:35:29] [Server thread/INFO]: Random Lighting Updates: false
[00:35:29] [Server thread/INFO]: Tile Max Tick Time: 50ms Entity max Tick Time: 50ms
[00:35:29] [Server thread/INFO]: Anti X-Ray: true
[00:35:29] [Server thread/INFO]: 	Engine Mode: 1
[00:35:29] [Server thread/INFO]: 	Hidden Blocks: [14, 15, 16, 21, 48, 49, 54, 56, 73, 74, 82, 129, 130]
[00:35:29] [Server thread/INFO]: 	Replace Blocks: [1, 5]
[00:35:29] [Server thread/INFO]: Max TNT Explosions: 100
[00:35:29] [Server thread/INFO]: Structure Info Saving: true
[00:35:29] [Server thread/INFO]: Mob Spawn Range: 4
[00:35:29] [Server thread/INFO]: Zombie Aggressive Towards Villager: true
[00:35:29] [Server thread/INFO]: Chunks to Grow per Tick: 650
[00:35:29] [Server thread/INFO]: Clear tick list: false
[00:35:29] [Server thread/INFO]: Experience Merge Radius: 3.0
[00:35:29] [Server thread/INFO]: -------- World Settings For [world_nether] --------
[00:35:29] [Server thread/INFO]: Nerfing mobs spawned from spawners: false
[00:35:29] [Server thread/INFO]: Sending up to 10 chunks per packet
[00:35:29] [Server thread/INFO]: Entity Activation Range: An 32 / Mo 32 / Mi 16
[00:35:29] [Server thread/INFO]: Cactus Growth Modifier: 100%
[00:35:29] [Server thread/INFO]: Cane Growth Modifier: 100%
[00:35:29] [Server thread/INFO]: Melon Growth Modifier: 100%
[00:35:29] [Server thread/INFO]: Mushroom Growth Modifier: 100%
[00:35:29] [Server thread/INFO]: Pumpkin Growth Modifier: 100%
[00:35:29] [Server thread/INFO]: Sapling Growth Modifier: 100%
[00:35:29] [Server thread/INFO]: Wheat Growth Modifier: 100%
[00:35:29] [Server thread/INFO]: NetherWart Growth Modifier: 100%
[00:35:29] [Server thread/INFO]: Custom Map Seeds:  Village: 10387312 Feature: 14357617
[00:35:29] [Server thread/INFO]: Max Entity Collisions: 8
[00:35:29] [Server thread/INFO]: View Distance: 10
[00:35:29] [Server thread/INFO]: Item Despawn Rate: 6000
[00:35:29] [Server thread/INFO]: Item Merge Radius: 2.5
[00:35:29] [Server thread/INFO]: Arrow Despawn Rate: 1200
[00:35:29] [Server thread/INFO]: Allow Zombie Pigmen to spawn from portal blocks: true
[00:35:29] [Server thread/INFO]: Entity Tracking Range: Pl 48 / An 48 / Mo 48 / Mi 32 / Other 64
[00:35:29] [Server thread/INFO]: Hopper Transfer: 8 Hopper Check: 8 Hopper Amount: 1
[00:35:29] [Server thread/INFO]: Random Lighting Updates: false
[00:35:29] [Server thread/INFO]: Tile Max Tick Time: 50ms Entity max Tick Time: 50ms
[00:35:29] [Server thread/INFO]: Anti X-Ray: true
[00:35:29] [Server thread/INFO]: 	Engine Mode: 1
[00:35:29] [Server thread/INFO]: 	Hidden Blocks: [14, 15, 16, 21, 48, 49, 54, 56, 73, 74, 82, 129, 130]
[00:35:29] [Server thread/INFO]: 	Replace Blocks: [1, 5]
[00:35:29] [Server thread/INFO]: Max TNT Explosions: 100
[00:35:29] [Server thread/INFO]: Structure Info Saving: true
[00:35:29] [Server thread/INFO]: Mob Spawn Range: 4
[00:35:29] [Server thread/INFO]: Zombie Aggressive Towards Villager: true
[00:35:29] [Server thread/INFO]: Chunks to Grow per Tick: 650
[00:35:29] [Server thread/INFO]: Clear tick list: false
[00:35:29] [Server thread/INFO]: Experience Merge Radius: 3.0
[00:35:29] [Server thread/INFO]: -------- World Settings For [world_the_end] --------
[00:35:29] [Server thread/INFO]: Nerfing mobs spawned from spawners: false
[00:35:29] [Server thread/INFO]: Sending up to 10 chunks per packet
[00:35:29] [Server thread/INFO]: Entity Activation Range: An 32 / Mo 32 / Mi 16
[00:35:29] [Server thread/INFO]: Cactus Growth Modifier: 100%
[00:35:29] [Server thread/INFO]: Cane Growth Modifier: 100%
[00:35:29] [Server thread/INFO]: Melon Growth Modifier: 100%
[00:35:29] [Server thread/INFO]: Mushroom Growth Modifier: 100%
[00:35:29] [Server thread/INFO]: Pumpkin Growth Modifier: 100%
[00:35:29] [Server thread/INFO]: Sapling Growth Modifier: 100%
[00:35:29] [Server thread/INFO]: Wheat Growth Modifier: 100%
[00:35:29] [Server thread/INFO]: NetherWart Growth Modifier: 100%
[00:35:29] [Server thread/INFO]: Custom Map Seeds:  Village: 10387312 Feature: 14357617
[00:35:29] [Server thread/INFO]: Max Entity Collisions: 8
[00:35:29] [Server thread/INFO]: View Distance: 10
[00:35:29] [Server thread/INFO]: Item Despawn Rate: 6000
[00:35:29] [Server thread/INFO]: Item Merge Radius: 2.5
[00:35:29] [Server thread/INFO]: Arrow Despawn Rate: 1200
[00:35:29] [Server thread/INFO]: Allow Zombie Pigmen to spawn from portal blocks: true
[00:35:29] [Server thread/INFO]: Entity Tracking Range: Pl 48 / An 48 / Mo 48 / Mi 32 / Other 64
[00:35:29] [Server thread/INFO]: Hopper Transfer: 8 Hopper Check: 8 Hopper Amount: 1
[00:35:29] [Server thread/INFO]: Random Lighting Updates: false
[00:35:29] [Server thread/INFO]: Tile Max Tick Time: 50ms Entity max Tick Time: 50ms
[00:35:29] [Server thread/INFO]: Anti X-Ray: true
[00:35:29] [Server thread/INFO]: 	Engine Mode: 1
[00:35:29] [Server thread/INFO]: 	Hidden Blocks: [14, 15, 16, 21, 48, 49, 54, 56, 73, 74, 82, 129, 130]
[00:35:29] [Server thread/INFO]: 	Replace Blocks: [1, 5]
[00:35:29] [Server thread/INFO]: Max TNT Explosions: 100
[00:35:29] [Server thread/INFO]: Structure Info Saving: true
[00:35:29] [Server thread/INFO]: Mob Spawn Range: 4
[00:35:29] [Server thread/INFO]: Zombie Aggressive Towards Villager: true
[00:35:29] [Server thread/INFO]: Chunks to Grow per Tick: 650
[00:35:29] [Server thread/INFO]: Clear tick list: false
[00:35:29] [Server thread/INFO]: Experience Merge Radius: 3.0
[00:35:29] [Server thread/INFO]: -------- World Settings For [flat] --------
[00:35:29] [Server thread/INFO]: Nerfing mobs spawned from spawners: false
[00:35:29] [Server thread/INFO]: Sending up to 10 chunks per packet
[00:35:29] [Server thread/INFO]: Entity Activation Range: An 32 / Mo 32 / Mi 16
[00:35:29] [Server thread/INFO]: Cactus Growth Modifier: 100%
[00:35:29] [Server thread/INFO]: Cane Growth Modifier: 100%
[00:35:29] [Server thread/INFO]: Melon Growth Modifier: 100%
[00:35:29] [Server thread/INFO]: Mushroom Growth Modifier: 100%
[00:35:29] [Server thread/INFO]: Pumpkin Growth Modifier: 100%
[00:35:29] [Server thread/INFO]: Sapling Growth Modifier: 100%
[00:35:29] [Server thread/INFO]: Wheat Growth Modifier: 100%
[00:35:29] [Server thread/INFO]: NetherWart Growth Modifier: 100%
[00:35:29] [Server thread/INFO]: Custom Map Seeds:  Village: 10387312 Feature: 14357617
[00:35:29] [Server thread/INFO]: Max Entity Collisions: 8
[00:35:29] [Server thread/INFO]: View Distance: 10
[00:35:29] [Server thread/INFO]: Item Despawn Rate: 6000
[00:35:29] [Server thread/INFO]: Item Merge Radius: 2.5
[00:35:29] [Server thread/INFO]: Arrow Despawn Rate: 1200
[00:35:29] [Server thread/INFO]: Allow Zombie Pigmen to spawn from portal blocks: true
[00:35:29] [Server thread/INFO]: Entity Tracking Range: Pl 48 / An 48 / Mo 48 / Mi 32 / Other 64
[00:35:29] [Server thread/INFO]: Hopper Transfer: 8 Hopper Check: 8 Hopper Amount: 1
[00:35:29] [Server thread/INFO]: Random Lighting Updates: false
[00:35:29] [Server thread/INFO]: Tile Max Tick Time: 50ms Entity max Tick Time: 50ms
[00:35:29] [Server thread/INFO]: Anti X-Ray: true
[00:35:29] [Server thread/INFO]: 	Engine Mode: 1
[00:35:29] [Server thread/INFO]: 	Hidden Blocks: [14, 15, 16, 21, 48, 49, 54, 56, 73, 74, 82, 129, 130]
[00:35:29] [Server thread/INFO]: 	Replace Blocks: [1, 5]
[00:35:29] [Server thread/INFO]: Max TNT Explosions: 100
[00:35:29] [Server thread/INFO]: Structure Info Saving: true
[00:35:29] [Server thread/INFO]: Mob Spawn Range: 4
[00:35:29] [Server thread/INFO]: Zombie Aggressive Towards Villager: true
[00:35:29] [Server thread/INFO]: Chunks to Grow per Tick: 650
[00:35:29] [Server thread/INFO]: Clear tick list: false
[00:35:29] [Server thread/INFO]: Experience Merge Radius: 3.0
[00:35:29] [Server thread/INFO]: -------- World Settings For [maxcraft] --------
[00:35:29] [Server thread/INFO]: Nerfing mobs spawned from spawners: false
[00:35:30] [Server thread/INFO]: Sending up to 10 chunks per packet
[00:35:30] [Server thread/INFO]: Entity Activation Range: An 32 / Mo 32 / Mi 16
[00:35:30] [Server thread/INFO]: Cactus Growth Modifier: 100%
[00:35:30] [Server thread/INFO]: Cane Growth Modifier: 100%
[00:35:30] [Server thread/INFO]: Melon Growth Modifier: 100%
[00:35:30] [Server thread/INFO]: Mushroom Growth Modifier: 100%
[00:35:30] [Server thread/INFO]: Pumpkin Growth Modifier: 100%
[00:35:30] [Server thread/INFO]: Sapling Growth Modifier: 100%
[00:35:30] [Server thread/INFO]: Wheat Growth Modifier: 100%
[00:35:30] [Server thread/INFO]: NetherWart Growth Modifier: 100%
[00:35:30] [Server thread/INFO]: Custom Map Seeds:  Village: 10387312 Feature: 14357617
[00:35:30] [Server thread/INFO]: Max Entity Collisions: 8
[00:35:30] [Server thread/INFO]: View Distance: 10
[00:35:30] [Server thread/INFO]: Item Despawn Rate: 6000
[00:35:30] [Server thread/INFO]: Item Merge Radius: 2.5
[00:35:30] [Server thread/INFO]: Arrow Despawn Rate: 1200
[00:35:30] [Server thread/INFO]: Allow Zombie Pigmen to spawn from portal blocks: true
[00:35:30] [Server thread/INFO]: Entity Tracking Range: Pl 48 / An 48 / Mo 48 / Mi 32 / Other 64
[00:35:30] [Server thread/INFO]: Hopper Transfer: 8 Hopper Check: 8 Hopper Amount: 1
[00:35:30] [Server thread/INFO]: Random Lighting Updates: false
[00:35:30] [Server thread/INFO]: Tile Max Tick Time: 50ms Entity max Tick Time: 50ms
[00:35:30] [Server thread/INFO]: Anti X-Ray: true
[00:35:30] [Server thread/INFO]: 	Engine Mode: 1
[00:35:30] [Server thread/INFO]: 	Hidden Blocks: [14, 15, 16, 21, 48, 49, 54, 56, 73, 74, 82, 129, 130]
[00:35:30] [Server thread/INFO]: 	Replace Blocks: [1, 5]
[00:35:30] [Server thread/INFO]: Max TNT Explosions: 100
[00:35:30] [Server thread/INFO]: Structure Info Saving: true
[00:35:30] [Server thread/INFO]: Mob Spawn Range: 4
[00:35:30] [Server thread/INFO]: Zombie Aggressive Towards Villager: true
[00:35:30] [Server thread/INFO]: Chunks to Grow per Tick: 650
[00:35:30] [Server thread/INFO]: Clear tick list: false
[00:35:30] [Server thread/INFO]: Experience Merge Radius: 3.0
[00:35:30] [Server thread/INFO]: [Maxcraft] Disabling Maxcraft v1.0.0
[00:35:30] [Server thread/INFO]: [Maxcraft] Loading Maxcraft v1.0.0
[00:35:30] [Server thread/INFO]: [Maxcraft] Enabling Maxcraft v1.0.0
[00:35:30] [Server thread/INFO]: [Maxcraft]Connexion sql etablie !
[00:35:30] [Server thread/INFO]: [Maxcraft]Joueurs charg?s (1 joueurs).
[00:35:30] [Server thread/INFO]: [Maxcraft]Faction chargees. (1 factions)
[00:35:30] [Server thread/INFO]: [Maxcraft]Zones chargees. (3 zones.)
[00:35:30] [Server thread/INFO]: [Maxcraft]chargement
[00:35:30] [Server thread/INFO]: [Maxcraft]Command zone registered
[00:35:30] [Server thread/INFO]: [Maxcraft]Command perms registered
[00:35:30] [Server thread/INFO]: [Maxcraft]Command nse registered
[00:35:30] [Server thread/INFO]: ===================
[00:35:30] [Server thread/INFO]: = Maxcraft chargé =
[00:35:30] [Server thread/INFO]: ===================
[00:35:30] [Server thread/INFO]: Server permissions file permissions.yml is empty, ignoring it
[00:35:30] [Server thread/INFO]: Crevebedaine: Reload complete.
[00:35:33] [Server thread/INFO]: Crevebedaine issued server command: /nse
[00:35:36] [Server thread/INFO]: Crevebedaine issued server command: /nse open
[00:35:43] [Server thread/INFO]: Crevebedaine issued server command: /nse open maxcraft
[00:35:56] [Server thread/INFO]: Crevebedaine issued server command: /nse
[00:36:01] [Server thread/INFO]: Crevebedaine issued server command: /nse sign
[00:36:07] [Server thread/INFO]: Crevebedaine issued server command: /nse object
[00:36:17] [Server thread/INFO]: Crevebedaine issued server command: /nse test
[00:36:24] [Server thread/INFO]: Crevebedaine issued server command: /nse test build
[00:36:24] [Server thread/INFO]: -------- World Settings For [NW_maxcraft_TEST] --------
[00:36:24] [Server thread/INFO]: Nerfing mobs spawned from spawners: false
[00:36:24] [Server thread/INFO]: Sending up to 10 chunks per packet
[00:36:24] [Server thread/INFO]: Entity Activation Range: An 32 / Mo 32 / Mi 16
[00:36:24] [Server thread/INFO]: Cactus Growth Modifier: 100%
[00:36:24] [Server thread/INFO]: Cane Growth Modifier: 100%
[00:36:24] [Server thread/INFO]: Melon Growth Modifier: 100%
[00:36:24] [Server thread/INFO]: Mushroom Growth Modifier: 100%
[00:36:24] [Server thread/INFO]: Pumpkin Growth Modifier: 100%
[00:36:24] [Server thread/INFO]: Sapling Growth Modifier: 100%
[00:36:24] [Server thread/INFO]: Wheat Growth Modifier: 100%
[00:36:24] [Server thread/INFO]: NetherWart Growth Modifier: 100%
[00:36:24] [Server thread/INFO]: Custom Map Seeds:  Village: 10387312 Feature: 14357617
[00:36:24] [Server thread/INFO]: Max Entity Collisions: 8
[00:36:24] [Server thread/INFO]: View Distance: 10
[00:36:24] [Server thread/INFO]: Item Despawn Rate: 6000
[00:36:24] [Server thread/INFO]: Item Merge Radius: 2.5
[00:36:24] [Server thread/INFO]: Arrow Despawn Rate: 1200
[00:36:24] [Server thread/INFO]: Allow Zombie Pigmen to spawn from portal blocks: true
[00:36:24] [Server thread/INFO]: Entity Tracking Range: Pl 48 / An 48 / Mo 48 / Mi 32 / Other 64
[00:36:24] [Server thread/INFO]: Hopper Transfer: 8 Hopper Check: 8 Hopper Amount: 1
[00:36:24] [Server thread/INFO]: Random Lighting Updates: false
[00:36:24] [Server thread/INFO]: Tile Max Tick Time: 50ms Entity max Tick Time: 50ms
[00:36:24] [Server thread/INFO]: Anti X-Ray: true
[00:36:24] [Server thread/INFO]: 	Engine Mode: 1
[00:36:24] [Server thread/INFO]: 	Hidden Blocks: [14, 15, 16, 21, 48, 49, 54, 56, 73, 74, 82, 129, 130]
[00:36:24] [Server thread/INFO]: 	Replace Blocks: [1, 5]
[00:36:24] [Server thread/INFO]: Max TNT Explosions: 100
[00:36:24] [Server thread/INFO]: Structure Info Saving: true
[00:36:24] [Server thread/INFO]: Mob Spawn Range: 4
[00:36:24] [Server thread/INFO]: Zombie Aggressive Towards Villager: true
[00:36:24] [Server thread/INFO]: Chunks to Grow per Tick: 650
[00:36:24] [Server thread/INFO]: Clear tick list: false
[00:36:24] [Server thread/INFO]: Experience Merge Radius: 3.0
[00:36:24] [Server thread/INFO]: Preparing start region for level 5 (Seed: 5539435490778081031)
[00:36:30] [Server thread/INFO]: Crevebedaine issued server command: /nse test
[00:36:35] [Server thread/INFO]: Crevebedaine issued server command: /nse test destroy
